E:\vs studio\MSBuild\Microsoft\VC\v170\Microsoft.CppBuild.targets(531,5): warning MSB8028: 中间目录(x64\Debug\)包含从另一个项目(AGV可视化.vcxproj)共享的文件。   这会导致错误的清除和重新生成行为。
  AGV_BeingIdleNum_Vessel_DelayedNum_WaitingNum.cpp
  AGV_operation_and_its_container.cpp
C:\Users\Lenovo\Desktop\Round 3 of Visual Development\Visualization_program\可视化开发_round3版本\AGV可视化\AGV_operation_and_its_container.cpp(34,16): warning C4244: “参数”: 从“double”转换到“int”，可能丢失数据
C:\Users\Lenovo\Desktop\Round 3 of Visual Development\Visualization_program\可视化开发_round3版本\AGV可视化\AGV_operation_and_its_container.cpp(34,14): warning C4244: “参数”: 从“double”转换到“int”，可能丢失数据
C:\Users\Lenovo\Desktop\Round 3 of Visual Development\Visualization_program\可视化开发_round3版本\AGV可视化\AGV_operation_and_its_container.cpp(42,22): warning C4244: “参数”: 从“double”转换到“int”，可能丢失数据
C:\Users\Lenovo\Desktop\Round 3 of Visual Development\Visualization_program\可视化开发_round3版本\AGV可视化\AGV_operation_and_its_container.cpp(42,19): warning C4244: “参数”: 从“double”转换到“int”，可能丢失数据
  Berth_Vessel.cpp
  Change_Speed.cpp
  ClockTime.cpp
C:\Users\Lenovo\Desktop\Round 3 of Visual Development\Visualization_program\可视化开发_round3版本\AGV可视化\ClockTime.cpp(43,25): warning C4244: “return”: 从“double”转换到“__int64”，可能丢失数据
  AGV_waitlist_container_count_per_yard_Status.cpp
C:\Users\Lenovo\Desktop\Round 3 of Visual Development\Visualization_program\可视化开发_round3版本\AGV可视化\AGV_waitlist_container_count_per_yard_Status.cpp(46,25): warning C4244: “参数”: 从“double”转换到“int”，可能丢失数据
C:\Users\Lenovo\Desktop\Round 3 of Visual Development\Visualization_program\可视化开发_round3版本\AGV可视化\AGV_waitlist_container_count_per_yard_Status.cpp(46,17): warning C4244: “参数”: 从“double”转换到“int”，可能丢失数据
C:\Users\Lenovo\Desktop\Round 3 of Visual Development\Visualization_program\可视化开发_round3版本\AGV可视化\AGV_waitlist_container_count_per_yard_Status.cpp(49,28): warning C4244: “参数”: 从“double”转换到“int”，可能丢失数据
C:\Users\Lenovo\Desktop\Round 3 of Visual Development\Visualization_program\可视化开发_round3版本\AGV可视化\AGV_waitlist_container_count_per_yard_Status.cpp(49,20): warning C4244: “参数”: 从“double”转换到“int”，可能丢失数据
C:\Users\Lenovo\Desktop\Round 3 of Visual Development\Visualization_program\可视化开发_round3版本\AGV可视化\AGV_waitlist_container_count_per_yard_Status.cpp(52,28): warning C4244: “参数”: 从“double”转换到“int”，可能丢失数据
C:\Users\Lenovo\Desktop\Round 3 of Visual Development\Visualization_program\可视化开发_round3版本\AGV可视化\AGV_waitlist_container_count_per_yard_Status.cpp(52,20): warning C4244: “参数”: 从“double”转换到“int”，可能丢失数据
C:\Users\Lenovo\Desktop\Round 3 of Visual Development\Visualization_program\可视化开发_round3版本\AGV可视化\AGV_waitlist_container_count_per_yard_Status.cpp(62,43): warning C4244: “参数”: 从“double”转换到“int”，可能丢失数据
C:\Users\Lenovo\Desktop\Round 3 of Visual Development\Visualization_program\可视化开发_round3版本\AGV可视化\AGV_waitlist_container_count_per_yard_Status.cpp(62,30): warning C4244: “参数”: 从“double”转换到“int”，可能丢失数据
C:\Users\Lenovo\Desktop\Round 3 of Visual Development\Visualization_program\可视化开发_round3版本\AGV可视化\AGV_waitlist_container_count_per_yard_Status.cpp(71,44): warning C4244: “参数”: 从“double”转换到“int”，可能丢失数据
C:\Users\Lenovo\Desktop\Round 3 of Visual Development\Visualization_program\可视化开发_round3版本\AGV可视化\AGV_waitlist_container_count_per_yard_Status.cpp(71,30): warning C4244: “参数”: 从“double”转换到“int”，可能丢失数据
  Directory.cpp
  main.cpp
C:\Users\Lenovo\Desktop\Round 3 of Visual Development\Visualization_program\可视化开发_round3版本\AGV可视化\main.cpp(83,64): warning C4244: “参数”: 从“double”转换到“int”，可能丢失数据
C:\Users\Lenovo\Desktop\Round 3 of Visual Development\Visualization_program\可视化开发_round3版本\AGV可视化\main.cpp(83,41): warning C4244: “参数”: 从“double”转换到“int”，可能丢失数据
C:\Users\Lenovo\Desktop\Round 3 of Visual Development\Visualization_program\可视化开发_round3版本\AGV可视化\main.cpp(140,12): warning C4244: “初始化”: 从“__int64”转换到“int”，可能丢失数据
C:\Users\Lenovo\Desktop\Round 3 of Visual Development\Visualization_program\可视化开发_round3版本\AGV可视化\main.cpp(185,16): warning C4244: “初始化”: 从“__int64”转换到“int”，可能丢失数据
C:\Users\Lenovo\Desktop\Round 3 of Visual Development\Visualization_program\可视化开发_round3版本\AGV可视化\main.cpp(221,15): warning C4244: “参数”: 从“__int64”转换到“DWORD”，可能丢失数据
  AGV_waitlist_QC_Status.cpp
C:\Users\Lenovo\Desktop\Round 3 of Visual Development\Visualization_program\可视化开发_round3版本\AGV可视化\AGV_waitlist_QC_Status.cpp(52,17): warning C4244: “参数”: 从“double”转换到“int”，可能丢失数据
C:\Users\Lenovo\Desktop\Round 3 of Visual Development\Visualization_program\可视化开发_round3版本\AGV可视化\AGV_waitlist_QC_Status.cpp(52,14): warning C4244: “参数”: 从“double”转换到“int”，可能丢失数据
C:\Users\Lenovo\Desktop\Round 3 of Visual Development\Visualization_program\可视化开发_round3版本\AGV可视化\AGV_waitlist_QC_Status.cpp(58,33): warning C4244: “参数”: 从“double”转换到“int”，可能丢失数据
C:\Users\Lenovo\Desktop\Round 3 of Visual Development\Visualization_program\可视化开发_round3版本\AGV可视化\AGV_waitlist_QC_Status.cpp(58,25): warning C4244: “参数”: 从“double”转换到“int”，可能丢失数据
C:\Users\Lenovo\Desktop\Round 3 of Visual Development\Visualization_program\可视化开发_round3版本\AGV可视化\AGV_waitlist_QC_Status.cpp(63,38): warning C4244: “参数”: 从“double”转换到“int”，可能丢失数据
C:\Users\Lenovo\Desktop\Round 3 of Visual Development\Visualization_program\可视化开发_round3版本\AGV可视化\AGV_waitlist_QC_Status.cpp(63,30): warning C4244: “参数”: 从“double”转换到“int”，可能丢失数据
  QCLocation.cpp
  tools.cpp
C:\Users\Lenovo\Desktop\Round 3 of Visual Development\Visualization_program\可视化开发_round3版本\AGV可视化\tools.cpp(90,11): warning C4244: “初始化”: 从“unsigned __int64”转换到“int”，可能丢失数据
  vector2.cpp
C:\Users\Lenovo\Desktop\Round 3 of Visual Development\Visualization_program\可视化开发_round3版本\AGV可视化\vector2.cpp(7,32): warning C4244: “参数”: 从“__int64”转换到“int”，可能丢失数据
C:\Users\Lenovo\Desktop\Round 3 of Visual Development\Visualization_program\可视化开发_round3版本\AGV可视化\vector2.cpp(7,21): warning C4244: “参数”: 从“__int64”转换到“int”，可能丢失数据
C:\Users\Lenovo\Desktop\Round 3 of Visual Development\Visualization_program\可视化开发_round3版本\AGV可视化\vector2.cpp(12,32): warning C4244: “参数”: 从“__int64”转换到“int”，可能丢失数据
C:\Users\Lenovo\Desktop\Round 3 of Visual Development\Visualization_program\可视化开发_round3版本\AGV可视化\vector2.cpp(12,21): warning C4244: “参数”: 从“__int64”转换到“int”，可能丢失数据
C:\Users\Lenovo\Desktop\Round 3 of Visual Development\Visualization_program\可视化开发_round3版本\AGV可视化\vector2.cpp(17,50): warning C4244: “参数”: 从“__int64”转换到“int”，可能丢失数据
C:\Users\Lenovo\Desktop\Round 3 of Visual Development\Visualization_program\可视化开发_round3版本\AGV可视化\vector2.cpp(17,27): warning C4244: “参数”: 从“__int64”转换到“int”，可能丢失数据
C:\Users\Lenovo\Desktop\Round 3 of Visual Development\Visualization_program\可视化开发_round3版本\AGV可视化\vector2.cpp(22,25): warning C4244: “参数”: 从“float”转换到“int”，可能丢失数据
C:\Users\Lenovo\Desktop\Round 3 of Visual Development\Visualization_program\可视化开发_round3版本\AGV可视化\vector2.cpp(22,18): warning C4244: “参数”: 从“float”转换到“int”，可能丢失数据
C:\Users\Lenovo\Desktop\Round 3 of Visual Development\Visualization_program\可视化开发_round3版本\AGV可视化\vector2.cpp(26,28): warning C4244: “参数”: 从“float”转换到“int”，可能丢失数据
C:\Users\Lenovo\Desktop\Round 3 of Visual Development\Visualization_program\可视化开发_round3版本\AGV可视化\vector2.cpp(26,19): warning C4244: “参数”: 从“float”转换到“int”，可能丢失数据
C:\Users\Lenovo\Desktop\Round 3 of Visual Development\Visualization_program\可视化开发_round3版本\AGV可视化\vector2.cpp(46,39): warning C4244: “return”: 从“double”转换到“__int64”，可能丢失数据
C:\Users\Lenovo\Desktop\Round 3 of Visual Development\Visualization_program\可视化开发_round3版本\AGV可视化\vector2.cpp(51,37): warning C4244: “参数”: 从“__int64”转换到“int”，可能丢失数据
C:\Users\Lenovo\Desktop\Round 3 of Visual Development\Visualization_program\可视化开发_round3版本\AGV可视化\vector2.cpp(51,19): warning C4244: “参数”: 从“__int64”转换到“int”，可能丢失数据
  YBLocation.cpp
  YB_Vessel_Num.cpp
C:\Users\Lenovo\Desktop\Round 3 of Visual Development\Visualization_program\可视化开发_round3版本\AGV可视化\YB_Vessel_Num.cpp(23,56): warning C4244: “参数”: 从“double”转换到“int”，可能丢失数据
C:\Users\Lenovo\Desktop\Round 3 of Visual Development\Visualization_program\可视化开发_round3版本\AGV可视化\YB_Vessel_Num.cpp(23,26): warning C4244: “参数”: 从“double”转换到“int”，可能丢失数据
  正在生成代码...
  AGV可视化.vcxproj -> C:\Users\Lenovo\Desktop\Round 3 of Visual Development\Visualization_program\可视化开发_round3版本\x64\Debug\可视化开发.exe
