c:\users\lenovo\desktop\round 3 of visual development\visualization_program\可视化开发_round3版本\agv可视化\x64\debug\vc143.pdb
c:\users\lenovo\desktop\round 3 of visual development\visualization_program\可视化开发_round3版本\agv可视化\x64\debug\vc143.idb
c:\users\lenovo\desktop\round 3 of visual development\visualization_program\可视化开发_round3版本\agv可视化\x64\debug\yb_vessel_num.obj
c:\users\lenovo\desktop\round 3 of visual development\visualization_program\可视化开发_round3版本\agv可视化\x64\debug\yblocation.obj
c:\users\lenovo\desktop\round 3 of visual development\visualization_program\可视化开发_round3版本\agv可视化\x64\debug\vector2.obj
c:\users\lenovo\desktop\round 3 of visual development\visualization_program\可视化开发_round3版本\agv可视化\x64\debug\tools.obj
c:\users\lenovo\desktop\round 3 of visual development\visualization_program\可视化开发_round3版本\agv可视化\x64\debug\qclocation.obj
c:\users\lenovo\desktop\round 3 of visual development\visualization_program\可视化开发_round3版本\agv可视化\x64\debug\agv_waitlist_qc.obj
c:\users\lenovo\desktop\round 3 of visual development\visualization_program\可视化开发_round3版本\agv可视化\x64\debug\main.obj
c:\users\lenovo\desktop\round 3 of visual development\visualization_program\可视化开发_round3版本\agv可视化\x64\debug\agv_waitlist_container_count_per_yard.obj
c:\users\lenovo\desktop\round 3 of visual development\visualization_program\可视化开发_round3版本\agv可视化\x64\debug\clocktime.obj
c:\users\lenovo\desktop\round 3 of visual development\visualization_program\可视化开发_round3版本\agv可视化\x64\debug\berth_vessel.obj
c:\users\lenovo\desktop\round 3 of visual development\visualization_program\可视化开发_round3版本\agv可视化\x64\debug\agv_operation_and_its_container.obj
c:\users\lenovo\desktop\round 3 of visual development\visualization_program\可视化开发_round3版本\agv可视化\x64\debug\agv_beingidle.obj
c:\users\lenovo\desktop\round 3 of visual development\visualization_program\可视化开发_round3版本\x64\debug\可视化开发.exe
c:\users\lenovo\desktop\round 3 of visual development\visualization_program\可视化开发_round3版本\x64\debug\可视化开发.pdb
c:\users\lenovo\desktop\round 3 of visual development\visualization_program\可视化开发_round3版本\agv可视化\x64\debug\可视化开发.ilk
c:\users\lenovo\desktop\round 3 of visual development\visualization_program\可视化开发_round3版本\agv可视化\x64\debug\可视化开发.tlog\cl.command.1.tlog
c:\users\lenovo\desktop\round 3 of visual development\visualization_program\可视化开发_round3版本\agv可视化\x64\debug\可视化开发.tlog\cl.items.tlog
c:\users\lenovo\desktop\round 3 of visual development\visualization_program\可视化开发_round3版本\agv可视化\x64\debug\可视化开发.tlog\cl.read.1.tlog
c:\users\lenovo\desktop\round 3 of visual development\visualization_program\可视化开发_round3版本\agv可视化\x64\debug\可视化开发.tlog\cl.write.1.tlog
c:\users\lenovo\desktop\round 3 of visual development\visualization_program\可视化开发_round3版本\agv可视化\x64\debug\可视化开发.tlog\link.command.1.tlog
c:\users\lenovo\desktop\round 3 of visual development\visualization_program\可视化开发_round3版本\agv可视化\x64\debug\可视化开发.tlog\link.read.1.tlog
c:\users\lenovo\desktop\round 3 of visual development\visualization_program\可视化开发_round3版本\agv可视化\x64\debug\可视化开发.tlog\link.secondary.1.tlog
c:\users\lenovo\desktop\round 3 of visual development\visualization_program\可视化开发_round3版本\agv可视化\x64\debug\可视化开发.tlog\link.write.1.tlog
